<?xml version="1.0" encoding="UTF-8"?>
<!-- Generated by org.testng.reporters.JUnitXMLReporter -->
<testsuite hostname="POS-S1C05-1-210" ignored="0" name="Command line test" tests="1" failures="0" timestamp="2022-11-08T11:08:30 CET" time="0.252" errors="0">
  <testcase name="@BeforeClass init" time="0.026" classname="com.QAInterviewBooks.api.tests.TestPOSTBook">
    <failure type="java.lang.ExceptionInInitializerError">
      <![CDATA[java.lang.ExceptionInInitializerError
at com.QAInterviewBooks.api.tests.TestPOSTBook.init(TestPOSTBook.java:18)
at java.util.ArrayList.forEach(ArrayList.java:1257)
Caused by: java.lang.NullPointerException
at java.util.Properties$LineReader.readLine(Properties.java:434)
at java.util.Properties.load0(Properties.java:353)
at java.util.Properties.load(Properties.java:341)
at com.QAInterviewBooks.api.utils.ConfigManager.<init>(ConfigManager.java:15)
at com.QAInterviewBooks.api.utils.ConfigManager.getInstance(ConfigManager.java:22)
at com.QAInterviewBooks.api.helpers.BookServiceHelper.<clinit>(BookServiceHelper.java:27)
... 37 more
... Removed 35 stack frames]]>
    </failure>
  </testcase> <!-- @BeforeClass init -->
  <testcase name="testPostCreateBook" time="0.0" classname="com.QAInterviewBooks.api.tests.TestPOSTBook">
    <skipped/>
  </testcase> <!-- testPostCreateBook -->
</testsuite> <!-- Command line test -->
