<?xml version="1.0" encoding="UTF-8" ?>
<testsuite tests="2" failures="1" name="TestSuite" time="0.977" errors="0" skipped="1">
  <properties>
[...]
</properties>
  <testcase classname="com.QAInterviewBooks.api.tests.TestPOSTBook" name="init" time="0.974">
    <failure type="java.lang.ExceptionInInitializerError">java.lang.ExceptionInInitializerError
	at com.QAInterviewBooks.api.tests.TestPOSTBook.init(TestPOSTBook.java:18)
Caused by: java.lang.NullPointerException
	at java.util.Properties$LineReader.readLine(Properties.java:434)
	at java.util.Properties.load0(Properties.java:353)
	at java.util.Properties.load(Properties.java:341)
	at com.QAInterviewBooks.api.utils.ConfigManager.&lt;init&gt;(ConfigManager.java:15)
	at com.QAInterviewBooks.api.utils.ConfigManager.getInstance(ConfigManager.java:22)
	at com.QAInterviewBooks.api.helpers.BookServiceHelper.&lt;clinit&gt;(BookServiceHelper.java:27)
	... 37 more
</failure>
    <system-out>Configuring TestNG with: org.apache.maven.surefire.testng.conf.TestNG652Configurator@11d2887
</system-out>
    <system-err>SLF4J: Failed to load class &quot;org.slf4j.impl.StaticLoggerBinder&quot;.
SLF4J: Defaulting to no-operation (NOP) logger implementation
SLF4J: See http://www.slf4j.org/codes.html#StaticLoggerBinder for further details.
</system-err>
  </testcase>
  <testcase classname="com.QAInterviewBooks.api.tests.TestPOSTBook" name="testPostCreateBook" time="0.003">
    <skipped/>
  </testcase>
</testsuite>